{"level":"info","message":"Server running on port 8080","timestamp":"2016-02-22T20:01:22.034Z"}
{"level":"info","message":"Username : { _id: 56cb69c4b259e1560d5b0fea,\n  email: 'alan',\n  password: '$2a$10$fDxcRmUKbgaUlhW8SR6vtOk5jURoyHI3EYwJZ1bCEigM731TZaMxq',\n  __v: 0 } logged in","timestamp":"2016-02-22T20:04:26.834Z"}
{"level":"info","message":"Username : { _id: 56b3a0292c6539393471e32f,\n  name: 'alan',\n  password: '$2a$10$VSPxni6JlpLBRBauJbgx7.3Q1FEYyw9YV3K0fLkIUa2YqFFl5JlNK',\n  __v: 0 } logged in","timestamp":"2016-02-22T20:05:21.609Z"}
{"level":"info","message":"Username : { _id: 56cb69c4b259e1560d5b0fea,\n  email: 'alan',\n  password: '$2a$10$fDxcRmUKbgaUlhW8SR6vtOk5jURoyHI3EYwJZ1bCEigM731TZaMxq',\n  __v: 0 } logged in","timestamp":"2016-02-22T20:12:02.198Z"}
{"level":"info","message":"error on request.","timestamp":"2016-02-22T20:14:37.921Z"}
{"level":"info","message":"error on request.","timestamp":"2016-02-22T20:14:49.460Z"}
{"level":"info","message":"error on request.","timestamp":"2016-02-22T20:15:27.129Z"}
{"level":"info","message":"error on request.","timestamp":"2016-02-22T20:15:35.112Z"}
{"level":"info","message":"error on request.","timestamp":"2016-02-22T20:15:37.274Z"}
{"level":"info","message":"Username : { _id: 56cb69c4b259e1560d5b0fea,\n  email: 'alan',\n  password: '$2a$10$fDxcRmUKbgaUlhW8SR6vtOk5jURoyHI3EYwJZ1bCEigM731TZaMxq',\n  __v: 0 } logged in","timestamp":"2016-02-22T20:18:54.327Z"}
{"level":"info","message":"error on request.","timestamp":"2016-02-22T20:19:18.087Z"}
{"level":"info","message":"error on request.","timestamp":"2016-02-22T20:19:25.588Z"}
{"level":"info","message":"error on request.","timestamp":"2016-02-22T20:19:34.149Z"}
{"level":"info","message":"error on request.","timestamp":"2016-02-22T20:19:39.178Z"}
{"level":"info","message":"error on request.","timestamp":"2016-02-22T20:21:04.284Z"}
{"level":"info","message":"error on request.","timestamp":"2016-02-22T20:21:11.886Z"}
{"level":"info","message":"Username : { _id: 56cb69c4b259e1560d5b0fea,\n  email: 'alan',\n  password: '$2a$10$fDxcRmUKbgaUlhW8SR6vtOk5jURoyHI3EYwJZ1bCEigM731TZaMxq',\n  __v: 0 } logged in","timestamp":"2016-02-22T20:23:35.045Z"}
{"level":"info","message":"error on request.","timestamp":"2016-02-22T20:30:58.692Z"}
{"level":"info","message":"error on request.","timestamp":"2016-02-22T20:31:23.978Z"}
{"level":"info","message":"Username : { _id: 56cb69c4b259e1560d5b0fea,\n  email: 'alan',\n  password: '$2a$10$fDxcRmUKbgaUlhW8SR6vtOk5jURoyHI3EYwJZ1bCEigM731TZaMxq',\n  __v: 0 } logged in","timestamp":"2016-02-22T20:31:54.938Z"}
{"level":"info","message":"error on request.","timestamp":"2016-02-22T20:32:03.767Z"}
{"level":"info","message":"error on request.","timestamp":"2016-02-22T20:32:24.313Z"}
{"level":"info","message":"error on request.","timestamp":"2016-02-22T20:32:36.741Z"}
{"level":"info","message":"Username : { _id: 56cb69c4b259e1560d5b0fea,\n  email: 'alan',\n  password: '$2a$10$fDxcRmUKbgaUlhW8SR6vtOk5jURoyHI3EYwJZ1bCEigM731TZaMxq',\n  __v: 0 } logged in","timestamp":"2016-02-22T20:32:42.328Z"}
{"level":"info","message":"Username : { _id: 56cb69c4b259e1560d5b0fea,\n  email: 'alan',\n  password: '$2a$10$fDxcRmUKbgaUlhW8SR6vtOk5jURoyHI3EYwJZ1bCEigM731TZaMxq',\n  __v: 0 } logged in","timestamp":"2016-02-22T20:32:52.500Z"}
{"level":"info","message":"error on request.","timestamp":"2016-02-22T20:40:36.518Z"}
{"level":"info","message":"Username : { _id: 56cb69c4b259e1560d5b0fea,\n  email: 'alan',\n  password: '$2a$10$fDxcRmUKbgaUlhW8SR6vtOk5jURoyHI3EYwJZ1bCEigM731TZaMxq',\n  __v: 0 } logged in","timestamp":"2016-02-22T20:43:13.427Z"}
{"level":"info","message":"Server running on port 8080","timestamp":"2016-02-22T23:06:14.884Z"}
{"level":"info","message":"Username : { _id: 56cb69c4b259e1560d5b0fea,\n  email: 'alan',\n  password: '$2a$10$fDxcRmUKbgaUlhW8SR6vtOk5jURoyHI3EYwJZ1bCEigM731TZaMxq',\n  __v: 0 } logged in","timestamp":"2016-02-22T23:07:07.357Z"}
{"level":"info","message":"Username : { _id: 56cb69c4b259e1560d5b0fea,\n  email: 'alan',\n  password: '$2a$10$fDxcRmUKbgaUlhW8SR6vtOk5jURoyHI3EYwJZ1bCEigM731TZaMxq',\n  __v: 0 } logged in","timestamp":"2016-02-22T23:08:40.077Z"}
{"level":"info","message":"Username : { _id: 56cb69c4b259e1560d5b0fea,\n  email: 'alan',\n  password: '$2a$10$fDxcRmUKbgaUlhW8SR6vtOk5jURoyHI3EYwJZ1bCEigM731TZaMxq',\n  __v: 0 } logged in","timestamp":"2016-02-22T23:09:52.800Z"}
{"level":"info","message":"Username : { _id: 56cb69c4b259e1560d5b0fea,\n  email: 'alan',\n  password: '$2a$10$fDxcRmUKbgaUlhW8SR6vtOk5jURoyHI3EYwJZ1bCEigM731TZaMxq',\n  __v: 0 } logged in","timestamp":"2016-02-22T23:13:51.527Z"}
{"level":"info","message":"Username : { _id: 56cb69c4b259e1560d5b0fea,\n  email: 'alan',\n  password: '$2a$10$fDxcRmUKbgaUlhW8SR6vtOk5jURoyHI3EYwJZ1bCEigM731TZaMxq',\n  __v: 0 } logged in","timestamp":"2016-02-22T23:28:13.653Z"}
{"level":"info","message":"Server running on port 8080","timestamp":"2016-02-22T23:36:13.945Z"}
{"level":"info","message":"Server running on port 8080","timestamp":"2016-02-23T18:22:58.158Z"}
{"level":"info","message":"Username : { _id: 56cca3a19c3861290527aa6a,\n  email: 'alan',\n  password: '$2a$10$oDFHZeQ1m5A1/OcJdNGdz.4qGLoIOtUUd4Z3E8t15HJEBMQyMUxQC',\n  __v: 0 } logged in","timestamp":"2016-02-23T18:23:35.585Z"}
{"level":"info","message":"Username : { _id: 56cca3a19c3861290527aa6a,\n  email: 'alan',\n  password: '$2a$10$oDFHZeQ1m5A1/OcJdNGdz.4qGLoIOtUUd4Z3E8t15HJEBMQyMUxQC',\n  __v: 0 } logged in","timestamp":"2016-02-23T18:27:14.237Z"}
{"level":"info","message":"Server running on port 8080","timestamp":"2016-02-23T18:28:08.080Z"}
{"level":"info","message":"Username : { _id: 56cca3a19c3861290527aa6a,\n  email: 'alan',\n  password: '$2a$10$oDFHZeQ1m5A1/OcJdNGdz.4qGLoIOtUUd4Z3E8t15HJEBMQyMUxQC',\n  __v: 0 } logged in","timestamp":"2016-02-23T18:28:15.843Z"}
{"level":"info","message":"Username : { _id: 56cca3a19c3861290527aa6a,\n  email: 'alan',\n  password: '$2a$10$oDFHZeQ1m5A1/OcJdNGdz.4qGLoIOtUUd4Z3E8t15HJEBMQyMUxQC',\n  __v: 0 } logged in","timestamp":"2016-02-23T18:28:44.782Z"}
{"level":"info","message":"Door 1 requested to be lowered.","timestamp":"2016-02-23T18:28:58.754Z"}
{"level":"info","message":"door 1 being stopped","timestamp":"2016-02-23T18:29:01.762Z"}
{"level":"info","message":"Door 1 requested to be lowered.","timestamp":"2016-02-23T18:29:43.016Z"}
{"level":"info","message":"door 1 being stopped","timestamp":"2016-02-23T18:29:46.021Z"}
{"level":"info","message":"Server running on port 8080","timestamp":"2016-03-11T20:04:54.764Z"}
{"level":"info","message":"Server running on port 8080","timestamp":"2016-03-11T20:14:21.940Z"}
{"level":"info","message":"Username : { _id: 56e327325dca89a00ab73070,\n  email: 'alan',\n  password: '$2a$10$b05ndzwc4Brf65DWXCm2j.G12ZbsimKGL/HWt/Zoqev/hTFCgpO1G',\n  __v: 0 } logged in","timestamp":"2016-03-11T20:15:18.503Z"}
{"level":"info","message":"Username : { _id: 56e327325dca89a00ab73070,\n  email: 'alan',\n  password: '$2a$10$b05ndzwc4Brf65DWXCm2j.G12ZbsimKGL/HWt/Zoqev/hTFCgpO1G',\n  __v: 0 } logged in","timestamp":"2016-03-11T20:19:36.125Z"}
{"level":"info","message":"Get status from database.","timestamp":"2016-03-11T20:21:55.966Z"}
{"level":"info","message":"Get status from database.","timestamp":"2016-03-11T20:23:28.351Z"}
{"level":"info","message":"Get status from database.","timestamp":"2016-03-11T20:23:55.971Z"}
{"level":"info","message":"Door 1 requested to be lowered.","timestamp":"2016-03-11T20:26:00.878Z"}
{"level":"info","message":"door 1 being stopped","timestamp":"2016-03-11T20:26:03.886Z"}
{"level":"info","message":"Get status from database.","timestamp":"2016-03-11T20:28:59.895Z"}
{"level":"info","message":"Door 1 requested to be lowered.","timestamp":"2016-03-11T20:30:17.439Z"}
{"level":"info","message":"door 1 being stopped","timestamp":"2016-03-11T20:30:20.446Z"}
{"level":"info","message":"Get status from database.","timestamp":"2016-03-11T20:32:53.884Z"}
{"level":"info","message":"Get status from database.","timestamp":"2016-03-11T20:32:58.566Z"}
{"level":"info","message":"Get status from database.","timestamp":"2016-03-11T20:33:13.393Z"}
{"level":"info","message":"Get status from database.","timestamp":"2016-03-11T20:33:46.812Z"}
{"level":"info","message":"Light 1 requested to be lowered.","timestamp":"2016-03-11T20:35:06.428Z"}
{"level":"info","message":"Light 1 requested to be lowered.","timestamp":"2016-03-11T20:35:09.924Z"}
{"level":"info","message":"Light 1 requested to be lowered.","timestamp":"2016-03-11T20:35:22.036Z"}
{"level":"info","message":"Server running on port 8080","timestamp":"2016-03-11T20:35:39.433Z"}
{"level":"info","message":"Light 1 requested to be lowered.","timestamp":"2016-03-11T20:35:43.354Z"}
{"level":"info","message":"Door 1 requested to be lowered.","timestamp":"2016-03-11T20:35:57.087Z"}
{"level":"info","message":"door 1 being stopped","timestamp":"2016-03-11T20:36:00.097Z"}
{"level":"info","message":"Door 1 requested to be lowered.","timestamp":"2016-03-11T20:36:03.201Z"}
{"level":"info","message":"door 2 being stopped","timestamp":"2016-03-11T20:36:06.207Z"}
{"level":"info","message":"Get status from database.","timestamp":"2016-03-11T20:36:16.058Z"}
{"level":"info","message":"Light 1 requested to be lowered.","timestamp":"2016-03-11T20:37:00.215Z"}
{"level":"info","message":"Get status from database.","timestamp":"2016-03-11T20:38:31.473Z"}
{"level":"info","message":"Get status from database.","timestamp":"2016-03-11T20:38:37.045Z"}
{"level":"info","message":"Get status from database.","timestamp":"2016-03-11T20:38:41.186Z"}
{"level":"info","message":"Get status from database.","timestamp":"2016-03-11T20:38:47.192Z"}
{"level":"info","message":"Get status from database.","timestamp":"2016-03-11T20:38:50.931Z"}
{"level":"info","message":"Get status from database.","timestamp":"2016-03-11T20:38:52.966Z"}
{"level":"info","message":"Get status from database.","timestamp":"2016-03-11T20:38:57.892Z"}
{"level":"info","message":"Server running on port 8080","timestamp":"2016-03-12T22:43:58.938Z"}
{"level":"info","message":"Username : { _id: 56e327325dca89a00ab73070,\n  email: 'alan',\n  password: '$2a$10$b05ndzwc4Brf65DWXCm2j.G12ZbsimKGL/HWt/Zoqev/hTFCgpO1G',\n  __v: 0 } logged in","timestamp":"2016-03-12T22:44:05.882Z"}
{"level":"info","message":"Door 1 requested to be lowered.","timestamp":"2016-03-12T22:44:10.896Z"}
{"level":"info","message":"door 2 being stopped","timestamp":"2016-03-12T22:44:13.907Z"}
{"level":"info","message":"Light 1 requested to be lowered.","timestamp":"2016-03-12T22:44:15.891Z"}
{"level":"info","message":"Get status from database.","timestamp":"2016-03-12T22:44:18.986Z"}
{"level":"info","message":"Username : { _id: 56e327325dca89a00ab73070,\n  email: 'alan',\n  password: '$2a$10$b05ndzwc4Brf65DWXCm2j.G12ZbsimKGL/HWt/Zoqev/hTFCgpO1G',\n  __v: 0 } logged in","timestamp":"2016-03-13T18:36:26.476Z"}
{"level":"info","message":"Username : { _id: 56e327325dca89a00ab73070,\n  email: 'alan',\n  password: '$2a$10$b05ndzwc4Brf65DWXCm2j.G12ZbsimKGL/HWt/Zoqev/hTFCgpO1G',\n  __v: 0 } logged in","timestamp":"2016-03-13T18:51:47.930Z"}
{"level":"info","message":"Username : { _id: 56e327325dca89a00ab73070,\n  email: 'alan',\n  password: '$2a$10$b05ndzwc4Brf65DWXCm2j.G12ZbsimKGL/HWt/Zoqev/hTFCgpO1G',\n  __v: 0 } logged in","timestamp":"2016-03-13T18:59:54.377Z"}
{"level":"info","message":"Username : { _id: 56e327325dca89a00ab73070,\n  email: 'alan',\n  password: '$2a$10$b05ndzwc4Brf65DWXCm2j.G12ZbsimKGL/HWt/Zoqev/hTFCgpO1G',\n  __v: 0 } logged in","timestamp":"2016-03-13T19:00:12.102Z"}
{"level":"info","message":"Get status from database.","timestamp":"2016-03-13T19:32:13.360Z"}
{"level":"info","message":"Server running on port 8080","timestamp":"2016-03-13T19:34:06.122Z"}
{"level":"info","message":"Username : { _id: 56e327325dca89a00ab73070,\n  email: 'alan',\n  password: '$2a$10$b05ndzwc4Brf65DWXCm2j.G12ZbsimKGL/HWt/Zoqev/hTFCgpO1G',\n  __v: 0 } logged in","timestamp":"2016-03-13T19:34:56.745Z"}
{"level":"info","message":"Get status from database.","timestamp":"2016-03-13T19:35:02.484Z"}
{"level":"info","message":"Get status from database.","timestamp":"2016-03-13T19:35:07.670Z"}
{"level":"info","message":"Get status from database.","timestamp":"2016-03-13T19:36:59.145Z"}
{"level":"info","message":"Door 1 requested to be lowered.","timestamp":"2016-03-13T19:38:55.257Z"}
{"level":"info","message":"door 2 being stopped","timestamp":"2016-03-13T19:38:58.265Z"}
{"level":"info","message":"Light 1 requested to be lowered.","timestamp":"2016-03-13T19:39:00.973Z"}
{"level":"info","message":"Door 1 requested to be lowered.","timestamp":"2016-03-13T19:39:05.695Z"}
{"level":"info","message":"door 2 being stopped","timestamp":"2016-03-13T19:39:08.702Z"}
{"level":"info","message":"Get status from database.","timestamp":"2016-03-13T19:40:34.726Z"}
{"level":"info","message":"Door 1 requested to be lowered.","timestamp":"2016-03-13T19:43:41.811Z"}
{"level":"info","message":"door 2 being stopped","timestamp":"2016-03-13T19:43:44.815Z"}
{"level":"info","message":"Light 1 requested to be lowered.","timestamp":"2016-03-13T19:43:45.240Z"}
{"level":"info","message":"Light 1 requested to be raised.","timestamp":"2016-03-13T19:44:05.877Z"}
{"level":"info","message":"Door 1 requested to be raised.","timestamp":"2016-03-13T19:44:16.908Z"}
{"level":"info","message":"Door 1 requested to be lowered.","timestamp":"2016-03-13T19:45:45.344Z"}
{"level":"info","message":"Light 1 requested to be lowered.","timestamp":"2016-03-13T19:45:47.341Z"}
{"level":"info","message":"door 2 being stopped","timestamp":"2016-03-13T19:45:48.350Z"}
{"level":"info","message":"Door 1 requested to be raised.","timestamp":"2016-03-13T19:45:55.260Z"}
{"level":"info","message":"Light 1 requested to be raised.","timestamp":"2016-03-13T19:45:57.699Z"}
{"level":"info","message":"Door 1 requested to be raised.","timestamp":"2016-03-13T19:46:06.055Z"}
{"level":"info","message":"Light 1 requested to be lowered.","timestamp":"2016-03-13T19:46:14.960Z"}
{"level":"info","message":"Door 1 requested to be lowered.","timestamp":"2016-03-13T19:46:24.222Z"}
{"level":"info","message":"Door 1 requested to be lowered.","timestamp":"2016-03-13T19:46:26.950Z"}
{"level":"info","message":"door 2 being stopped","timestamp":"2016-03-13T19:46:27.230Z"}
{"level":"info","message":"Door 1 requested to be lowered.","timestamp":"2016-03-13T19:46:28.601Z"}
{"level":"info","message":"door 2 being stopped","timestamp":"2016-03-13T19:46:29.953Z"}
{"level":"info","message":"door 2 being stopped","timestamp":"2016-03-13T19:46:31.604Z"}
{"level":"info","message":"Light 1 requested to be raised.","timestamp":"2016-03-13T19:46:34.941Z"}
{"level":"info","message":"Door 1 requested to be raised.","timestamp":"2016-03-13T19:46:49.401Z"}
{"level":"info","message":"Door 1 requested to be lowered.","timestamp":"2016-03-13T19:46:56.645Z"}
{"level":"info","message":"Light 1 requested to be lowered.","timestamp":"2016-03-13T19:46:59.363Z"}
{"level":"info","message":"door 2 being stopped","timestamp":"2016-03-13T19:46:59.649Z"}
{"level":"info","message":"Light 1 requested to be lowered.","timestamp":"2016-03-13T19:47:06.068Z"}
{"level":"info","message":"Door 1 requested to be lowered.","timestamp":"2016-03-13T19:47:08.532Z"}
{"level":"info","message":"Light 1 requested to be lowered.","timestamp":"2016-03-13T19:47:10.793Z"}
{"level":"info","message":"door 2 being stopped","timestamp":"2016-03-13T19:47:11.540Z"}
{"level":"info","message":"Door 1 requested to be lowered.","timestamp":"2016-03-13T19:47:13.435Z"}
{"level":"info","message":"door 2 being stopped","timestamp":"2016-03-13T19:47:16.439Z"}
{"level":"info","message":"Light 1 requested to be raised.","timestamp":"2016-03-13T19:47:25.417Z"}
{"level":"info","message":"Door 1 requested to be lowered.","timestamp":"2016-03-13T19:47:41.784Z"}
{"level":"info","message":"Light 1 requested to be lowered.","timestamp":"2016-03-13T19:47:43.700Z"}
{"level":"info","message":"door 2 being stopped","timestamp":"2016-03-13T19:47:44.789Z"}
{"level":"info","message":"Light 1 requested to be raised.","timestamp":"2016-03-13T19:47:46.681Z"}
{"level":"info","message":"Door 1 requested to be raised.","timestamp":"2016-03-13T19:47:48.787Z"}
{"level":"info","message":"Get status from database.","timestamp":"2016-03-13T19:47:56.432Z"}
{"level":"info","message":"Get status from database.","timestamp":"2016-03-13T19:48:02.186Z"}
{"level":"info","message":"Username : { _id: 56e327325dca89a00ab73070,\n  email: 'alan',\n  password: '$2a$10$b05ndzwc4Brf65DWXCm2j.G12ZbsimKGL/HWt/Zoqev/hTFCgpO1G',\n  __v: 0 } logged in","timestamp":"2016-03-13T19:48:07.537Z"}
{"level":"info","message":"Light 1 requested to be raised.","timestamp":"2016-03-13T19:48:13.485Z"}
{"level":"info","message":"Get status from database.","timestamp":"2016-03-13T19:48:26.745Z"}
{"level":"info","message":"Light 1 requested to be lowered.","timestamp":"2016-03-13T19:48:43.995Z"}
{"level":"info","message":"Get status from database.","timestamp":"2016-03-13T19:48:46.885Z"}
{"level":"info","message":"Get status from database.","timestamp":"2016-03-13T19:48:50.090Z"}
{"level":"info","message":"Server running on port 8080","timestamp":"2016-03-13T19:49:01.002Z"}
{"level":"info","message":"Get status from database.","timestamp":"2016-03-13T19:49:04.922Z"}
{"level":"info","message":"Get status from database.","timestamp":"2016-03-13T19:49:06.654Z"}
{"level":"info","message":"Get status from database.","timestamp":"2016-03-13T19:49:11.936Z"}
{"level":"info","message":"Light 1 requested to be lowered.","timestamp":"2016-03-13T19:49:23.850Z"}
{"level":"info","message":"Get status from database.","timestamp":"2016-03-13T19:49:31.877Z"}
{"level":"info","message":"Server running on port 8080","timestamp":"2016-03-13T19:50:27.354Z"}
{"level":"info","message":"Username : { _id: 56e5c48e001d067c1191887e,\n  email: 'alan',\n  password: '$2a$10$TgOsoTc3/C3wVtaXX0KeG.nMb8QFyQoYBJM0FbA0CrDvtDZFcIYQG',\n  __v: 0 } logged in","timestamp":"2016-03-13T19:50:42.483Z"}
{"level":"info","message":"Get status from database.","timestamp":"2016-03-13T19:51:04.144Z"}
{"level":"info","message":"Get status from database.","timestamp":"2016-03-13T19:51:31.298Z"}
{"level":"info","message":"Light 1 requested to be lowered.","timestamp":"2016-03-13T19:51:37.344Z"}
{"level":"info","message":"Get status from database.","timestamp":"2016-03-13T19:51:44.181Z"}
{"level":"info","message":"Light 1 requested to be lowered.","timestamp":"2016-03-13T19:51:50.427Z"}
{"level":"info","message":"Door 1 requested to be lowered.","timestamp":"2016-03-13T19:52:02.425Z"}
{"level":"info","message":"door 2 being stopped","timestamp":"2016-03-13T19:52:05.433Z"}
{"level":"info","message":"Door 1 requested to be lowered.","timestamp":"2016-03-13T19:52:15.863Z"}
{"level":"info","message":"door 2 being stopped","timestamp":"2016-03-13T19:52:18.867Z"}
{"level":"info","message":"error on request.","timestamp":"2016-03-13T19:52:19.570Z"}
{"level":"info","message":"error on request.","timestamp":"2016-03-13T19:52:24.503Z"}
{"level":"info","message":"Door 1 requested to be lowered.","timestamp":"2016-03-13T19:52:27.014Z"}
{"level":"info","message":"door 2 being stopped","timestamp":"2016-03-13T19:52:30.020Z"}
{"level":"info","message":"Get status from database.","timestamp":"2016-03-13T19:52:47.560Z"}
{"level":"info","message":"Get status from database.","timestamp":"2016-03-13T19:52:53.473Z"}
{"level":"info","message":"Door 1 requested to be lowered.","timestamp":"2016-03-13T19:52:57.117Z"}
{"level":"info","message":"door 2 being stopped","timestamp":"2016-03-13T19:53:00.125Z"}
{"level":"info","message":"Light 1 requested to be lowered.","timestamp":"2016-03-13T19:53:09.076Z"}
{"level":"info","message":"Door 1 requested to be raised.","timestamp":"2016-03-13T19:53:29.249Z"}
{"level":"info","message":"Door 1 requested to be raised.","timestamp":"2016-03-13T19:53:35.482Z"}
{"level":"info","message":"Light 1 requested to be raised.","timestamp":"2016-03-13T19:53:48.777Z"}
{"level":"info","message":"Door 1 requested to be raised.","timestamp":"2016-03-13T19:54:12.473Z"}
{"level":"info","message":"Door 1 requested to be lowered.","timestamp":"2016-03-13T19:54:14.811Z"}
{"level":"info","message":"door 2 being stopped","timestamp":"2016-03-13T19:54:17.816Z"}
{"level":"info","message":"Door 1 requested to be raised.","timestamp":"2016-03-13T19:54:33.048Z"}
{"level":"info","message":"Door 1 requested to be raised.","timestamp":"2016-03-13T19:54:36.835Z"}
{"level":"info","message":"Door 1 requested to be lowered.","timestamp":"2016-03-13T19:54:41.492Z"}
{"level":"info","message":"door 2 being stopped","timestamp":"2016-03-13T19:54:44.495Z"}
{"level":"info","message":"Door 1 requested to be raised.","timestamp":"2016-03-13T19:54:52.095Z"}
{"level":"info","message":"Door 1 requested to be lowered.","timestamp":"2016-03-13T19:54:54.785Z"}
{"level":"info","message":"door 2 being stopped","timestamp":"2016-03-13T19:54:57.792Z"}
{"level":"info","message":"Light 1 requested to be raised.","timestamp":"2016-03-13T19:54:58.427Z"}
{"level":"info","message":"Light 1 requested to be lowered.","timestamp":"2016-03-13T19:55:02.376Z"}
{"level":"info","message":"Door 1 requested to be raised.","timestamp":"2016-03-13T19:55:07.986Z"}
{"level":"info","message":"Door 1 requested to be lowered.","timestamp":"2016-03-13T19:55:10.512Z"}
{"level":"info","message":"door 2 being stopped","timestamp":"2016-03-13T19:55:13.514Z"}
{"level":"info","message":"Get status from database.","timestamp":"2016-03-13T19:55:18.497Z"}
{"level":"info","message":"Get status from database.","timestamp":"2016-03-13T19:56:13.842Z"}
{"level":"info","message":"Light 1 requested to be raised.","timestamp":"2016-03-13T19:56:29.007Z"}
{"level":"info","message":"Light 1 requested to be lowered.","timestamp":"2016-03-13T19:56:32.104Z"}
{"level":"info","message":"Get status from database.","timestamp":"2016-03-13T19:56:38.842Z"}
{"level":"info","message":"Get status from database.","timestamp":"2016-03-13T19:56:46.006Z"}
{"level":"info","message":"Server running on port 8080","timestamp":"2016-03-13T19:58:17.417Z"}
{"level":"info","message":"Get status from database.","timestamp":"2016-03-13T19:58:31.404Z"}
{"level":"info","message":"Door 1 requested to be lowered.","timestamp":"2016-03-13T19:58:35.289Z"}
{"level":"info","message":"door 2 being stopped","timestamp":"2016-03-13T19:58:38.304Z"}
{"level":"info","message":"Door 1 requested to be raised.","timestamp":"2016-03-13T19:58:38.650Z"}
{"level":"info","message":"Get status from database.","timestamp":"2016-03-13T19:58:42.227Z"}
{"level":"info","message":"Door 1 requested to be lowered.","timestamp":"2016-03-13T19:58:48.733Z"}
{"level":"info","message":"door 2 being stopped","timestamp":"2016-03-13T19:58:51.737Z"}
{"level":"info","message":"Light 1 requested to be lowered.","timestamp":"2016-03-13T19:58:54.526Z"}
{"level":"info","message":"Server running on port 8080","timestamp":"2016-03-13T20:00:21.351Z"}
{"level":"info","message":"Door 1 requested to be lowered.","timestamp":"2016-03-13T20:00:29.439Z"}
{"level":"info","message":"door 2 being stopped","timestamp":"2016-03-13T20:00:32.452Z"}
{"level":"info","message":"Light 1 requested to be lowered.","timestamp":"2016-03-13T20:00:33.448Z"}
{"level":"info","message":"Server running on port 8080","timestamp":"2016-03-13T20:01:47.525Z"}
{"level":"info","message":"Door 1 requested to be lowered.","timestamp":"2016-03-13T20:01:52.073Z"}
{"level":"info","message":"door 2 being stopped","timestamp":"2016-03-13T20:01:55.089Z"}
{"level":"info","message":"Light 1 requested to be lowered.","timestamp":"2016-03-13T20:01:55.583Z"}
{"level":"info","message":"light 2 being stopped","timestamp":"2016-03-13T20:01:58.591Z"}
{"level":"info","message":"Door 1 requested to be raised.","timestamp":"2016-03-13T20:02:03.526Z"}
{"level":"info","message":"Server running on port 8080","timestamp":"2016-03-13T20:02:30.812Z"}
{"level":"info","message":"Door 1 requested to be lowered.","timestamp":"2016-03-13T20:02:34.905Z"}
{"level":"info","message":"door 2 being stopped","timestamp":"2016-03-13T20:02:37.919Z"}
{"level":"info","message":"Light 1 requested to be lowered.","timestamp":"2016-03-13T20:02:41.339Z"}
{"level":"info","message":"light 2 being stopped","timestamp":"2016-03-13T20:02:44.345Z"}
{"level":"info","message":"Light 1 requested to be raised.","timestamp":"2016-03-13T20:02:46.765Z"}
{"level":"info","message":"light 1 being stopped","timestamp":"2016-03-13T20:02:49.770Z"}
{"level":"info","message":"Door 1 requested to be raised.","timestamp":"2016-03-13T20:02:53.350Z"}
{"level":"info","message":"door 2 being stopped","timestamp":"2016-03-13T20:02:56.361Z"}
{"level":"info","message":"Get status from database.","timestamp":"2016-03-13T20:03:12.362Z"}
{"level":"info","message":"Get status from database.","timestamp":"2016-03-13T20:03:58.090Z"}
{"level":"info","message":"Get status from database.","timestamp":"2016-03-13T20:04:16.906Z"}
{"level":"info","message":"Get status from database.","timestamp":"2016-03-13T20:04:39.370Z"}
{"level":"info","message":"Get status from database.","timestamp":"2016-03-13T20:04:48.346Z"}
{"level":"info","message":"Get status from database.","timestamp":"2016-03-13T20:04:58.104Z"}
{"level":"info","message":"Light 1 requested to be raised.","timestamp":"2016-03-13T20:05:32.120Z"}
{"level":"info","message":"light 3 being stopped","timestamp":"2016-03-13T20:05:35.127Z"}
{"level":"info","message":"Get status from database.","timestamp":"2016-03-13T20:05:41.016Z"}
{"level":"info","message":"Get status from database.","timestamp":"2016-03-13T20:06:22.203Z"}
{"level":"info","message":"Light 1 requested to be lowered.","timestamp":"2016-03-13T20:06:27.158Z"}
{"level":"info","message":"Get status from database.","timestamp":"2016-03-13T20:06:29.672Z"}
{"level":"info","message":"light 1 being stopped","timestamp":"2016-03-13T20:06:30.165Z"}
{"level":"info","message":"Door 1 requested to be raised.","timestamp":"2016-03-13T20:06:59.307Z"}
{"level":"info","message":"door 2 being stopped","timestamp":"2016-03-13T20:07:02.311Z"}
{"level":"info","message":"Door 1 requested to be lowered.","timestamp":"2016-03-13T20:07:05.789Z"}
{"level":"info","message":"door 2 being stopped","timestamp":"2016-03-13T20:07:08.793Z"}
{"level":"info","message":"Light 1 requested to be lowered.","timestamp":"2016-03-13T20:07:16.788Z"}
{"level":"info","message":"light 3 being stopped","timestamp":"2016-03-13T20:07:19.800Z"}
{"level":"info","message":"Server running on port 8080","timestamp":"2016-03-13T20:12:37.419Z"}
{"level":"info","message":"Server running on port 8080","timestamp":"2016-03-13T20:13:27.417Z"}
{"level":"info","message":"Get status from database.","timestamp":"2016-03-13T20:13:33.377Z"}
{"level":"info","message":"Get status from database.","timestamp":"2016-03-13T20:13:39.813Z"}
{"level":"info","message":"Get status from database.","timestamp":"2016-03-13T20:13:45.864Z"}
{"level":"info","message":"Server running on port 8080","timestamp":"2016-03-13T20:15:22.657Z"}
{"level":"info","message":"Username : { _id: 56e5c48e001d067c1191887e,\n  email: 'alan',\n  password: '$2a$10$TgOsoTc3/C3wVtaXX0KeG.nMb8QFyQoYBJM0FbA0CrDvtDZFcIYQG',\n  __v: 0 } logged in","timestamp":"2016-03-13T20:15:28.270Z"}
{"level":"info","message":"Get status from database.","timestamp":"2016-03-13T20:15:32.499Z"}
{"level":"info","message":"Server running on port 8080","timestamp":"2016-03-13T20:16:43.558Z"}
{"level":"info","message":"Get status from database.","timestamp":"2016-03-13T20:17:11.855Z"}
{"level":"info","message":"Get status from database.","timestamp":"2016-03-13T20:17:21.211Z"}
{"level":"info","message":"Username : { _id: 56e5cab1446c67a411330aff,\n  email: 'alan',\n  password: '$2a$10$T03953PRl5G4xhtfJkJWdeivnWmg4AcsM9fUyPXSihcVaOZuJ9P9i',\n  __v: 0 } logged in","timestamp":"2016-03-13T20:17:29.176Z"}
{"level":"info","message":"Door 1 requested to be lowered.","timestamp":"2016-03-13T20:17:41.820Z"}
{"level":"info","message":"door 2 being stopped","timestamp":"2016-03-13T20:17:44.829Z"}
{"level":"info","message":"Door 1 requested to be lowered.","timestamp":"2016-03-13T20:17:59.717Z"}
{"level":"info","message":"door 2 being stopped","timestamp":"2016-03-13T20:18:02.719Z"}
{"level":"info","message":"Username : { _id: 56e5cab1446c67a411330aff,\n  email: 'alan',\n  password: '$2a$10$T03953PRl5G4xhtfJkJWdeivnWmg4AcsM9fUyPXSihcVaOZuJ9P9i',\n  __v: 0 } logged in","timestamp":"2016-03-13T20:18:13.889Z"}
{"level":"info","message":"Get status from database.","timestamp":"2016-03-13T20:18:29.375Z"}
{"level":"info","message":"Get status from database.","timestamp":"2016-03-13T20:18:33.303Z"}
{"level":"info","message":"Get status from database.","timestamp":"2016-03-13T20:18:43.044Z"}
{"level":"info","message":"Get status from database.","timestamp":"2016-03-13T20:18:45.906Z"}
{"level":"info","message":"Get status from database.","timestamp":"2016-03-13T20:18:46.948Z"}
{"level":"info","message":"Get status from database.","timestamp":"2016-03-13T20:18:54.778Z"}
{"level":"info","message":"Get status from database.","timestamp":"2016-03-13T20:19:11.247Z"}
{"level":"info","message":"Door 1 requested to be lowered.","timestamp":"2016-03-13T20:19:22.011Z"}
{"level":"info","message":"door 2 being stopped","timestamp":"2016-03-13T20:19:25.022Z"}
{"level":"info","message":"Get status from database.","timestamp":"2016-03-13T20:19:30.494Z"}
{"level":"info","message":"Get status from database.","timestamp":"2016-03-13T20:19:32.674Z"}
{"level":"info","message":"Server running on port 8080","timestamp":"2016-03-13T20:20:21.147Z"}
{"level":"info","message":"Get status from database.","timestamp":"2016-03-13T20:20:26.263Z"}
{"level":"info","message":"Door 1 requested to be lowered.","timestamp":"2016-03-13T20:20:30.949Z"}
{"level":"info","message":"door 2 being stopped","timestamp":"2016-03-13T20:20:33.960Z"}
{"level":"info","message":"Get status from database.","timestamp":"2016-03-13T20:20:34.628Z"}
{"level":"info","message":"Get status from database.","timestamp":"2016-03-13T20:20:38.030Z"}
{"level":"info","message":"Light 1 requested to be lowered.","timestamp":"2016-03-13T20:20:41.664Z"}
{"level":"info","message":"light 3 being stopped","timestamp":"2016-03-13T20:20:44.669Z"}
{"level":"info","message":"Get status from database.","timestamp":"2016-03-13T20:20:45.129Z"}
{"level":"info","message":"Username : { _id: 56e5cab1446c67a411330aff,\n  email: 'alan',\n  password: '$2a$10$T03953PRl5G4xhtfJkJWdeivnWmg4AcsM9fUyPXSihcVaOZuJ9P9i',\n  __v: 0 } logged in","timestamp":"2016-03-13T21:01:01.058Z"}
{"level":"info","message":"Server running on port 8080","timestamp":"2016-03-13T21:02:06.423Z"}
{"level":"info","message":"Username : { _id: 56e5cab1446c67a411330aff,\n  email: 'alan',\n  password: '$2a$10$T03953PRl5G4xhtfJkJWdeivnWmg4AcsM9fUyPXSihcVaOZuJ9P9i',\n  __v: 0 } logged in","timestamp":"2016-03-13T21:02:10.844Z"}
{"level":"info","message":"Username : { _id: 56e5cab1446c67a411330aff,\n  email: 'alan',\n  password: '$2a$10$T03953PRl5G4xhtfJkJWdeivnWmg4AcsM9fUyPXSihcVaOZuJ9P9i',\n  __v: 0 } logged in","timestamp":"2016-03-13T21:02:20.636Z"}
{"level":"info","message":"Server running on port 8080","timestamp":"2016-03-14T19:08:25.099Z"}
{"level":"info","message":"Username : { _id: 56e5cab1446c67a411330aff,\n  email: 'alan',\n  password: '$2a$10$T03953PRl5G4xhtfJkJWdeivnWmg4AcsM9fUyPXSihcVaOZuJ9P9i',\n  __v: 0 } logged in","timestamp":"2016-03-14T19:08:34.350Z"}
{"level":"info","message":"Door 1 requested to be raised.","timestamp":"2016-03-14T19:08:47.573Z"}
{"level":"info","message":"door 2 being stopped","timestamp":"2016-03-14T19:08:50.584Z"}
{"level":"info","message":"Get status from database.","timestamp":"2016-03-14T19:09:20.746Z"}
{"level":"info","message":"Get status from database.","timestamp":"2016-03-14T19:09:25.554Z"}
{"level":"info","message":"Door 1 requested to be lowered.","timestamp":"2016-03-14T19:09:33.822Z"}
{"level":"info","message":"door 2 being stopped","timestamp":"2016-03-14T19:09:36.830Z"}
{"level":"info","message":"Get status from database.","timestamp":"2016-03-14T19:09:39.919Z"}
{"level":"info","message":"Door 1 requested to be raised.","timestamp":"2016-03-14T19:26:05.005Z"}
{"level":"info","message":"door 2 being stopped","timestamp":"2016-03-14T19:26:08.012Z"}
